Hmm ... looks like a package

This is pdfTeX, Version 3.14159265-2.6-1.40.18 (TeX Live 2017) (preloaded format=pdflatex)
 restricted \write18 enabled.
entering extended mode
LaTeX2e <2017-04-15>
Babel <3.10> and hyphenation patterns for 84 language(s) loaded.
(./Rd2.tex
(/usr/local/texlive/2017/texmf-dist/tex/latex/base/book.cls
Document Class: book 2014/09/29 v1.4h Standard LaTeX document class
(/usr/local/texlive/2017/texmf-dist/tex/latex/base/bk10.clo))
(/Library/Frameworks/R.framework/Resources/share/texmf/tex/latex/Rd.sty
(/usr/local/texlive/2017/texmf-dist/tex/latex/base/ifthen.sty)
(/usr/local/texlive/2017/texmf-dist/tex/latex/tools/longtable.sty)
(/usr/local/texlive/2017/texmf-dist/tex/latex/tools/bm.sty)
(/usr/local/texlive/2017/texmf-dist/tex/latex/base/alltt.sty)
(/usr/local/texlive/2017/texmf-dist/tex/latex/tools/verbatim.sty)
(/usr/local/texlive/2017/texmf-dist/tex/latex/url/url.sty)
(/usr/local/texlive/2017/texmf-dist/tex/latex/base/textcomp.sty
(/usr/local/texlive/2017/texmf-dist/tex/latex/base/ts1enc.def))
(/usr/local/texlive/2017/texmf-dist/tex/latex/base/fontenc.sty
(/usr/local/texlive/2017/texmf-dist/tex/latex/base/t1enc.def))
(/usr/local/texlive/2017/texmf-dist/tex/latex/psnfss/times.sty)
(/usr/local/texlive/2017/texmf-dist/tex/latex/inconsolata/zi4.sty
`inconsolata-zi4' v1.112, 2017/01/04 Text macros for Inconsolata (msharpe)
(/usr/local/texlive/2017/texmf-dist/tex/latex/xkeyval/xkeyval.sty
(/usr/local/texlive/2017/texmf-dist/tex/generic/xkeyval/xkeyval.tex
(/usr/local/texlive/2017/texmf-dist/tex/generic/xkeyval/xkvutils.tex
(/usr/local/texlive/2017/texmf-dist/tex/generic/xkeyval/keyval.tex)))))
(/usr/local/texlive/2017/texmf-dist/tex/latex/graphics/color.sty
(/usr/local/texlive/2017/texmf-dist/tex/latex/graphics-cfg/color.cfg)
(/usr/local/texlive/2017/texmf-dist/tex/latex/graphics-def/pdftex.def
(/usr/local/texlive/2017/texmf-dist/tex/generic/oberdiek/infwarerr.sty)
(/usr/local/texlive/2017/texmf-dist/tex/generic/oberdiek/ltxcmds.sty)))
(/usr/local/texlive/2017/texmf-dist/tex/latex/hyperref/hyperref.sty
(/usr/local/texlive/2017/texmf-dist/tex/generic/oberdiek/hobsub-hyperref.sty
(/usr/local/texlive/2017/texmf-dist/tex/generic/oberdiek/hobsub-generic.sty))
(/usr/local/texlive/2017/texmf-dist/tex/generic/ifxetex/ifxetex.sty)
(/usr/local/texlive/2017/texmf-dist/tex/latex/oberdiek/auxhook.sty)
(/usr/local/texlive/2017/texmf-dist/tex/latex/oberdiek/kvoptions.sty)
(/usr/local/texlive/2017/texmf-dist/tex/latex/hyperref/pd1enc.def)
(/usr/local/texlive/2017/texmf-dist/tex/latex/latexconfig/hyperref.cfg))

Package hyperref Message: Driver (autodetected): hpdftex.

(/usr/local/texlive/2017/texmf-dist/tex/latex/hyperref/hpdftex.def
(/usr/local/texlive/2017/texmf-dist/tex/latex/oberdiek/rerunfilecheck.sty))

Package hyperref Warning: Option `hyperindex' has already been used,
(hyperref)                setting the option has no effect on input line 366.


Package hyperref Warning: Option `pagebackref' has already been used,
(hyperref)                setting the option has no effect on input line 366.

) (/usr/local/texlive/2017/texmf-dist/tex/latex/base/makeidx.sty)
(/usr/local/texlive/2017/texmf-dist/tex/latex/base/inputenc.sty
(/usr/local/texlive/2017/texmf-dist/tex/latex/base/utf8.def
(/usr/local/texlive/2017/texmf-dist/tex/latex/base/t1enc.dfu)
(/usr/local/texlive/2017/texmf-dist/tex/latex/base/ot1enc.dfu)
(/usr/local/texlive/2017/texmf-dist/tex/latex/base/omsenc.dfu)
(/usr/local/texlive/2017/texmf-dist/tex/latex/base/ts1enc.dfu)))
Writing index file Rd2.idx
No file Rd2.aux.
(/usr/local/texlive/2017/texmf-dist/tex/latex/base/ts1cmr.fd)
(/usr/local/texlive/2017/texmf-dist/tex/latex/psnfss/t1ptm.fd)
(/usr/local/texlive/2017/texmf-dist/tex/context/base/mkii/supp-pdf.mkii
[Loading MPS to PDF converter (version 2006.09.02).]
) (/usr/local/texlive/2017/texmf-dist/tex/latex/hyperref/nameref.sty
(/usr/local/texlive/2017/texmf-dist/tex/generic/oberdiek/gettitlestring.sty))
(/usr/local/texlive/2017/texmf-dist/tex/latex/base/utf8.def)
(/usr/local/texlive/2017/texmf-dist/tex/latex/inconsolata/t1zi4.fd)
(/usr/local/texlive/2017/texmf-dist/tex/latex/psnfss/t1phv.fd)
(/usr/local/texlive/2017/texmf-dist/tex/latex/base/utf8.def) [1{/usr/local/texl
ive/2017/texmf-var/fonts/map/pdftex/updmap/pdftex.map}] [2]
(/usr/local/texlive/2017/texmf-dist/tex/latex/base/utf8.def) [3]
(/usr/local/texlive/2017/texmf-dist/tex/latex/base/utf8.def)
(/usr/local/texlive/2017/texmf-dist/tex/latex/base/utf8.def) [4]
(/usr/local/texlive/2017/texmf-dist/tex/latex/base/utf8.def) [5]
(/usr/local/texlive/2017/texmf-dist/tex/latex/base/utf8.def) [6]
(/usr/local/texlive/2017/texmf-dist/tex/latex/base/utf8.def) [7]
(/usr/local/texlive/2017/texmf-dist/tex/latex/base/utf8.def) [8]
(/usr/local/texlive/2017/texmf-dist/tex/latex/base/utf8.def) [9]
Overfull \hbox (27.78088pt too wide) in paragraph at lines 471--471
 []\T1/zi4/m/n/9 fact<-factor(c(rep("a",100),rep("b",100),rep("c",100),rep("d",
100),rep("e",100),rep("f",100)))[] 
(/usr/local/texlive/2017/texmf-dist/tex/latex/base/utf8.def) [10]
Overfull \hbox (27.77168pt too wide) in paragraph at lines 519--519
 []\T1/zi4/m/n/9 majorTicks<-makeLogTicks(c(0,10),minorCount= 4,logScale=2, axi
sText=c("","mg"), expLabels=TRUE)[] 
(/usr/local/texlive/2017/texmf-dist/tex/latex/base/utf8.def) [11]
Overfull \hbox (12.14801pt too wide) in paragraph at lines 581--582
[]\T1/ptm/m/n/10 numeric vec-tor; man-u-ally set the lim-its of the plot-ting a
rea (eg. \T1/zi4/m/n/10 yLim=c(min,max)\T1/ptm/m/n/10 ).

Overfull \hbox (2.41782pt too wide) in paragraph at lines 583--584
[]\T1/ptm/m/n/10 logical; sets \T1/zi4/m/n/10 las=2 \T1/ptm/m/n/10 for the x-ax
is cat-e-gory la-bels. Will af-fect y-axis if \T1/zi4/m/n/10 side=[][]TRUE[][][
]\T1/ptm/m/n/10 .
[12] [13] (/usr/local/texlive/2017/texmf-dist/tex/latex/base/utf8.def) [14]
Overfull \hbox (12.14801pt too wide) in paragraph at lines 720--721
[]\T1/ptm/m/n/10 numeric vec-tor; man-u-ally set the lim-its of the plot-ting a
rea (eg. \T1/zi4/m/n/10 yLim=c(min,max)\T1/ptm/m/n/10 ).

Overfull \hbox (2.41782pt too wide) in paragraph at lines 722--723
[]\T1/ptm/m/n/10 logical; sets \T1/zi4/m/n/10 las=2 \T1/ptm/m/n/10 for the x-ax
is cat-e-gory la-bels. Will af-fect y-axis if \T1/zi4/m/n/10 side=[][]TRUE[][][
]\T1/ptm/m/n/10 .
[15] (/usr/local/texlive/2017/texmf-dist/tex/latex/base/utf8.def) [16] [17]
Overfull \hbox (12.14801pt too wide) in paragraph at lines 851--852
[]\T1/ptm/m/n/10 numeric vec-tor; man-u-ally set the lim-its of the plot-ting a
rea (eg. \T1/zi4/m/n/10 yLim=c(min,max)\T1/ptm/m/n/10 ).

Overfull \hbox (2.41782pt too wide) in paragraph at lines 853--854
[]\T1/ptm/m/n/10 logical; sets \T1/zi4/m/n/10 las=2 \T1/ptm/m/n/10 for the x-ax
is cat-e-gory la-bels. Will af-fect y-axis if \T1/zi4/m/n/10 side=[][]TRUE[][][
]\T1/ptm/m/n/10 .
[18] (/usr/local/texlive/2017/texmf-dist/tex/latex/base/utf8.def) [19]
Overfull \hbox (12.14801pt too wide) in paragraph at lines 974--975
[]\T1/ptm/m/n/10 numeric vec-tor; man-u-ally set the lim-its of the plot-ting a
rea (eg. \T1/zi4/m/n/10 yLim=c(min,max)\T1/ptm/m/n/10 ).

Overfull \hbox (2.41782pt too wide) in paragraph at lines 976--977
[]\T1/ptm/m/n/10 logical; sets \T1/zi4/m/n/10 las=2 \T1/ptm/m/n/10 for the x-ax
is cat-e-gory la-bels. Will af-fect y-axis if \T1/zi4/m/n/10 side=[][]TRUE[][][
]\T1/ptm/m/n/10 .
[20] [21] (/usr/local/texlive/2017/texmf-dist/tex/latex/base/utf8.def)
Overfull \hbox (12.14801pt too wide) in paragraph at lines 1073--1074
[]\T1/ptm/m/n/10 numeric vec-tor; man-u-ally set the lim-its of the plot-ting a
rea (eg. \T1/zi4/m/n/10 yLim=c(min,max)\T1/ptm/m/n/10 ).

Overfull \hbox (2.41782pt too wide) in paragraph at lines 1075--1076
[]\T1/ptm/m/n/10 logical; sets \T1/zi4/m/n/10 las=2 \T1/ptm/m/n/10 for the x-ax
is cat-e-gory la-bels. Will af-fect y-axis if \T1/zi4/m/n/10 side=[][]TRUE[][][
]\T1/ptm/m/n/10 .
[22] (/usr/local/texlive/2017/texmf-dist/tex/latex/base/utf8.def) [23]
(/usr/local/texlive/2017/texmf-dist/tex/latex/base/utf8.def) [24] [25]
(/usr/local/texlive/2017/texmf-dist/tex/latex/base/utf8.def)
No file Rd2.ind.
[26] (./Rd2.aux)

Package rerunfilecheck Warning: File `Rd2.out' has changed.
(rerunfilecheck)                Rerun to get outlines right
(rerunfilecheck)                or use package `bookmark'.

 )
(see the transcript file for additional information)pdfTeX warning (dest): name
{Rfn.NA} has been referenced but does not exist, replaced by a fixed one

pdfTeX warning (dest): name{Rfn.quantile} has been referenced but does not exis
t, replaced by a fixed one

pdfTeX warning (dest): name{Rfn.vector} has been referenced but does not exist,
 replaced by a fixed one

pdfTeX warning (dest): name{Rfn.data.frame} has been referenced but does not ex
ist, replaced by a fixed one

pdfTeX warning (dest): name{Rfn.axis} has been referenced but does not exist, r
eplaced by a fixed one

pdfTeX warning (dest): name{Rfn.axisTicks} has been referenced but does not exi
st, replaced by a fixed one

pdfTeX warning (dest): name{Rfn.rgb} has been referenced but does not exist, re
placed by a fixed one

pdfTeX warning (dest): name{Rfn.col2rgb} has been referenced but does not exist
, replaced by a fixed one

pdfTeX warning (dest): name{Rfn.rainbow} has been referenced but does not exist
, replaced by a fixed one

pdfTeX warning (dest): name{Rfn.stripchart} has been referenced but does not ex
ist, replaced by a fixed one

pdfTeX warning (dest): name{Rfn.points} has been referenced but does not exist,
 replaced by a fixed one

pdfTeX warning (dest): name{Rfn.boxplot} has been referenced but does not exist
, replaced by a fixed one

pdfTeX warning (dest): name{Rfn.barplot} has been referenced but does not exist
, replaced by a fixed one

pdfTeX warning (dest): name{Rfn.TRUE} has been referenced but does not exist, r
eplaced by a fixed one

pdfTeX warning (dest): name{Rfn.NULL} has been referenced but does not exist, r
eplaced by a fixed one

pdfTeX warning (dest): name{Rfn.vioplot} has been referenced but does not exist
, replaced by a fixed one

pdfTeX warning (dest): name{Rfn.TukeyHSD} has been referenced but does not exis
t, replaced by a fixed one

pdfTeX warning (dest): name{Rfn.anova} has been referenced but does not exist, 
replaced by a fixed one

pdfTeX warning (dest): name{Rfn.pairwise.t.test} has been referenced but does n
ot exist, replaced by a fixed one

pdfTeX warning (dest): name{Rfn.pairwise.wilcox.test} has been referenced but d
oes not exist, replaced by a fixed one

pdfTeX warning (dest): name{Rfn.t.test} has been referenced but does not exist,
 replaced by a fixed one

pdfTeX warning (dest): name{Rfn.wilcox.test} has been referenced but does not e
xist, replaced by a fixed one

pdfTeX warning (dest): name{Rfn.jitter} has been referenced but does not exist,
 replaced by a fixed one

pdfTeX warning (dest): name{Rfn.beeswarm} has been referenced but does not exis
t, replaced by a fixed one

pdfTeX warning (dest): name{Rfn.FALSE} has been referenced but does not exist, 
replaced by a fixed one

pdfTeX warning (dest): name{Rfn.factor} has been referenced but does not exist,
 replaced by a fixed one

{/usr/local/texlive/2017/texmf-dist/fonts/enc/dvips/base/8r.enc}{/usr/local/tex
live/2017/texmf-dist/fonts/enc/dvips/inconsolata/i4-t1-0.enc}</usr/local/texliv
e/2017/texmf-dist/fonts/type1/public/inconsolata/Inconsolata-zi4r.pfb></usr/loc
al/texlive/2017/texmf-dist/fonts/type1/public/amsfonts/cm/cmmi10.pfb></usr/loca
l/texlive/2017/texmf-dist/fonts/type1/public/amsfonts/cm/cmmi7.pfb></usr/local/
texlive/2017/texmf-dist/fonts/type1/public/amsfonts/cm/cmr10.pfb></usr/local/te
xlive/2017/texmf-dist/fonts/type1/public/amsfonts/cm/cmr7.pfb></usr/local/texli
ve/2017/texmf-dist/fonts/type1/public/amsfonts/cm/cmsy10.pfb></usr/local/texliv
e/2017/texmf-dist/fonts/type1/urw/helvetic/uhvr8a.pfb></usr/local/texlive/2017/
texmf-dist/fonts/type1/urw/times/utmb8a.pfb></usr/local/texlive/2017/texmf-dist
/fonts/type1/urw/times/utmr8a.pfb></usr/local/texlive/2017/texmf-dist/fonts/typ
e1/urw/times/utmr8a.pfb></usr/local/texlive/2017/texmf-dist/fonts/type1/urw/tim
es/utmri8a.pfb>
Output written on Rd2.pdf (26 pages, 198323 bytes).
Transcript written on Rd2.log.
This is makeindex, version 2.15 [TeX Live 2017] (kpathsea + Thai support).
Scanning input file Rd2.idx....done (199 entries accepted, 0 rejected).
Sorting entries.....done (1668 comparisons).
Generating output file Rd2.ind....done (154 lines written, 1 warning).
Output written in Rd2.ind.
Transcript written in Rd2.ilg.
This is pdfTeX, Version 3.14159265-2.6-1.40.18 (TeX Live 2017) (preloaded format=pdflatex)
 restricted \write18 enabled.
entering extended mode
LaTeX2e <2017-04-15>
Babel <3.10> and hyphenation patterns for 84 language(s) loaded.
(./Rd2.tex
(/usr/local/texlive/2017/texmf-dist/tex/latex/base/book.cls
Document Class: book 2014/09/29 v1.4h Standard LaTeX document class
(/usr/local/texlive/2017/texmf-dist/tex/latex/base/bk10.clo))
(/Library/Frameworks/R.framework/Resources/share/texmf/tex/latex/Rd.sty
(/usr/local/texlive/2017/texmf-dist/tex/latex/base/ifthen.sty)
(/usr/local/texlive/2017/texmf-dist/tex/latex/tools/longtable.sty)
(/usr/local/texlive/2017/texmf-dist/tex/latex/tools/bm.sty)
(/usr/local/texlive/2017/texmf-dist/tex/latex/base/alltt.sty)
(/usr/local/texlive/2017/texmf-dist/tex/latex/tools/verbatim.sty)
(/usr/local/texlive/2017/texmf-dist/tex/latex/url/url.sty)
(/usr/local/texlive/2017/texmf-dist/tex/latex/base/textcomp.sty
(/usr/local/texlive/2017/texmf-dist/tex/latex/base/ts1enc.def))
(/usr/local/texlive/2017/texmf-dist/tex/latex/base/fontenc.sty
(/usr/local/texlive/2017/texmf-dist/tex/latex/base/t1enc.def))
(/usr/local/texlive/2017/texmf-dist/tex/latex/psnfss/times.sty)
(/usr/local/texlive/2017/texmf-dist/tex/latex/inconsolata/zi4.sty
`inconsolata-zi4' v1.112, 2017/01/04 Text macros for Inconsolata (msharpe)
(/usr/local/texlive/2017/texmf-dist/tex/latex/xkeyval/xkeyval.sty
(/usr/local/texlive/2017/texmf-dist/tex/generic/xkeyval/xkeyval.tex
(/usr/local/texlive/2017/texmf-dist/tex/generic/xkeyval/xkvutils.tex
(/usr/local/texlive/2017/texmf-dist/tex/generic/xkeyval/keyval.tex)))))
(/usr/local/texlive/2017/texmf-dist/tex/latex/graphics/color.sty
(/usr/local/texlive/2017/texmf-dist/tex/latex/graphics-cfg/color.cfg)
(/usr/local/texlive/2017/texmf-dist/tex/latex/graphics-def/pdftex.def
(/usr/local/texlive/2017/texmf-dist/tex/generic/oberdiek/infwarerr.sty)
(/usr/local/texlive/2017/texmf-dist/tex/generic/oberdiek/ltxcmds.sty)))
(/usr/local/texlive/2017/texmf-dist/tex/latex/hyperref/hyperref.sty
(/usr/local/texlive/2017/texmf-dist/tex/generic/oberdiek/hobsub-hyperref.sty
(/usr/local/texlive/2017/texmf-dist/tex/generic/oberdiek/hobsub-generic.sty))
(/usr/local/texlive/2017/texmf-dist/tex/generic/ifxetex/ifxetex.sty)
(/usr/local/texlive/2017/texmf-dist/tex/latex/oberdiek/auxhook.sty)
(/usr/local/texlive/2017/texmf-dist/tex/latex/oberdiek/kvoptions.sty)
(/usr/local/texlive/2017/texmf-dist/tex/latex/hyperref/pd1enc.def)
(/usr/local/texlive/2017/texmf-dist/tex/latex/latexconfig/hyperref.cfg))

Package hyperref Message: Driver (autodetected): hpdftex.

(/usr/local/texlive/2017/texmf-dist/tex/latex/hyperref/hpdftex.def
(/usr/local/texlive/2017/texmf-dist/tex/latex/oberdiek/rerunfilecheck.sty))

Package hyperref Warning: Option `hyperindex' has already been used,
(hyperref)                setting the option has no effect on input line 366.


Package hyperref Warning: Option `pagebackref' has already been used,
(hyperref)                setting the option has no effect on input line 366.

) (/usr/local/texlive/2017/texmf-dist/tex/latex/base/makeidx.sty)
(/usr/local/texlive/2017/texmf-dist/tex/latex/base/inputenc.sty
(/usr/local/texlive/2017/texmf-dist/tex/latex/base/utf8.def
(/usr/local/texlive/2017/texmf-dist/tex/latex/base/t1enc.dfu)
(/usr/local/texlive/2017/texmf-dist/tex/latex/base/ot1enc.dfu)
(/usr/local/texlive/2017/texmf-dist/tex/latex/base/omsenc.dfu)
(/usr/local/texlive/2017/texmf-dist/tex/latex/base/ts1enc.dfu)))
Writing index file Rd2.idx
(./Rd2.aux) (/usr/local/texlive/2017/texmf-dist/tex/latex/base/ts1cmr.fd)
(/usr/local/texlive/2017/texmf-dist/tex/latex/psnfss/t1ptm.fd)
(/usr/local/texlive/2017/texmf-dist/tex/context/base/mkii/supp-pdf.mkii
[Loading MPS to PDF converter (version 2006.09.02).]
) (/usr/local/texlive/2017/texmf-dist/tex/latex/hyperref/nameref.sty
(/usr/local/texlive/2017/texmf-dist/tex/generic/oberdiek/gettitlestring.sty))
(./Rd2.out) (./Rd2.out)
(/usr/local/texlive/2017/texmf-dist/tex/latex/base/utf8.def)
(/usr/local/texlive/2017/texmf-dist/tex/latex/inconsolata/t1zi4.fd)
(/usr/local/texlive/2017/texmf-dist/tex/latex/psnfss/t1phv.fd) (./Rd2.toc)
(/usr/local/texlive/2017/texmf-dist/tex/latex/base/utf8.def) [1{/usr/local/texl
ive/2017/texmf-var/fonts/map/pdftex/updmap/pdftex.map}] [2]
(/usr/local/texlive/2017/texmf-dist/tex/latex/base/utf8.def) [3]
(/usr/local/texlive/2017/texmf-dist/tex/latex/base/utf8.def) [4]
(/usr/local/texlive/2017/texmf-dist/tex/latex/base/utf8.def) [5]
(/usr/local/texlive/2017/texmf-dist/tex/latex/base/utf8.def) [6]
(/usr/local/texlive/2017/texmf-dist/tex/latex/base/utf8.def) [7]
(/usr/local/texlive/2017/texmf-dist/tex/latex/base/utf8.def)
(/usr/local/texlive/2017/texmf-dist/tex/latex/base/utf8.def) [8]
(/usr/local/texlive/2017/texmf-dist/tex/latex/base/utf8.def) [9]
Overfull \hbox (27.78088pt too wide) in paragraph at lines 471--471
 []\T1/zi4/m/n/9 fact<-factor(c(rep("a",100),rep("b",100),rep("c",100),rep("d",
100),rep("e",100),rep("f",100)))[] 
(/usr/local/texlive/2017/texmf-dist/tex/latex/base/utf8.def) [10]
Overfull \hbox (27.77168pt too wide) in paragraph at lines 519--519
 []\T1/zi4/m/n/9 majorTicks<-makeLogTicks(c(0,10),minorCount= 4,logScale=2, axi
sText=c("","mg"), expLabels=TRUE)[] 
(/usr/local/texlive/2017/texmf-dist/tex/latex/base/utf8.def) [11]
Overfull \hbox (12.14801pt too wide) in paragraph at lines 581--582
[]\T1/ptm/m/n/10 numeric vec-tor; man-u-ally set the lim-its of the plot-ting a
rea (eg. \T1/zi4/m/n/10 yLim=c(min,max)\T1/ptm/m/n/10 ).

Overfull \hbox (2.41782pt too wide) in paragraph at lines 583--584
[]\T1/ptm/m/n/10 logical; sets \T1/zi4/m/n/10 las=2 \T1/ptm/m/n/10 for the x-ax
is cat-e-gory la-bels. Will af-fect y-axis if \T1/zi4/m/n/10 side=[][]TRUE[][][
]\T1/ptm/m/n/10 .
[12] [13] (/usr/local/texlive/2017/texmf-dist/tex/latex/base/utf8.def) [14]
Overfull \hbox (12.14801pt too wide) in paragraph at lines 720--721
[]\T1/ptm/m/n/10 numeric vec-tor; man-u-ally set the lim-its of the plot-ting a
rea (eg. \T1/zi4/m/n/10 yLim=c(min,max)\T1/ptm/m/n/10 ).

Overfull \hbox (2.41782pt too wide) in paragraph at lines 722--723
[]\T1/ptm/m/n/10 logical; sets \T1/zi4/m/n/10 las=2 \T1/ptm/m/n/10 for the x-ax
is cat-e-gory la-bels. Will af-fect y-axis if \T1/zi4/m/n/10 side=[][]TRUE[][][
]\T1/ptm/m/n/10 .
[15] (/usr/local/texlive/2017/texmf-dist/tex/latex/base/utf8.def) [16] [17]
Overfull \hbox (12.14801pt too wide) in paragraph at lines 851--852
[]\T1/ptm/m/n/10 numeric vec-tor; man-u-ally set the lim-its of the plot-ting a
rea (eg. \T1/zi4/m/n/10 yLim=c(min,max)\T1/ptm/m/n/10 ).

Overfull \hbox (2.41782pt too wide) in paragraph at lines 853--854
[]\T1/ptm/m/n/10 logical; sets \T1/zi4/m/n/10 las=2 \T1/ptm/m/n/10 for the x-ax
is cat-e-gory la-bels. Will af-fect y-axis if \T1/zi4/m/n/10 side=[][]TRUE[][][
]\T1/ptm/m/n/10 .
[18] (/usr/local/texlive/2017/texmf-dist/tex/latex/base/utf8.def) [19]
Overfull \hbox (12.14801pt too wide) in paragraph at lines 974--975
[]\T1/ptm/m/n/10 numeric vec-tor; man-u-ally set the lim-its of the plot-ting a
rea (eg. \T1/zi4/m/n/10 yLim=c(min,max)\T1/ptm/m/n/10 ).

Overfull \hbox (2.41782pt too wide) in paragraph at lines 976--977
[]\T1/ptm/m/n/10 logical; sets \T1/zi4/m/n/10 las=2 \T1/ptm/m/n/10 for the x-ax
is cat-e-gory la-bels. Will af-fect y-axis if \T1/zi4/m/n/10 side=[][]TRUE[][][
]\T1/ptm/m/n/10 .
[20] [21] (/usr/local/texlive/2017/texmf-dist/tex/latex/base/utf8.def)
Overfull \hbox (12.14801pt too wide) in paragraph at lines 1073--1074
[]\T1/ptm/m/n/10 numeric vec-tor; man-u-ally set the lim-its of the plot-ting a
rea (eg. \T1/zi4/m/n/10 yLim=c(min,max)\T1/ptm/m/n/10 ).

Overfull \hbox (2.41782pt too wide) in paragraph at lines 1075--1076
[]\T1/ptm/m/n/10 logical; sets \T1/zi4/m/n/10 las=2 \T1/ptm/m/n/10 for the x-ax
is cat-e-gory la-bels. Will af-fect y-axis if \T1/zi4/m/n/10 side=[][]TRUE[][][
]\T1/ptm/m/n/10 .
[22] (/usr/local/texlive/2017/texmf-dist/tex/latex/base/utf8.def) [23]
(/usr/local/texlive/2017/texmf-dist/tex/latex/base/utf8.def) [24] [25]
(/usr/local/texlive/2017/texmf-dist/tex/latex/base/utf8.def) (./Rd2.ind
[26] [27]) (./Rd2.aux)

Package rerunfilecheck Warning: File `Rd2.out' has changed.
(rerunfilecheck)                Rerun to get outlines right
(rerunfilecheck)                or use package `bookmark'.

 )
(see the transcript file for additional information)pdfTeX warning (dest): name
{Rfn.NA} has been referenced but does not exist, replaced by a fixed one

pdfTeX warning (dest): name{Rfn.quantile} has been referenced but does not exis
t, replaced by a fixed one

pdfTeX warning (dest): name{Rfn.vector} has been referenced but does not exist,
 replaced by a fixed one

pdfTeX warning (dest): name{Rfn.data.frame} has been referenced but does not ex
ist, replaced by a fixed one

pdfTeX warning (dest): name{Rfn.axis} has been referenced but does not exist, r
eplaced by a fixed one

pdfTeX warning (dest): name{Rfn.axisTicks} has been referenced but does not exi
st, replaced by a fixed one

pdfTeX warning (dest): name{Rfn.rgb} has been referenced but does not exist, re
placed by a fixed one

pdfTeX warning (dest): name{Rfn.col2rgb} has been referenced but does not exist
, replaced by a fixed one

pdfTeX warning (dest): name{Rfn.rainbow} has been referenced but does not exist
, replaced by a fixed one

pdfTeX warning (dest): name{Rfn.stripchart} has been referenced but does not ex
ist, replaced by a fixed one

pdfTeX warning (dest): name{Rfn.points} has been referenced but does not exist,
 replaced by a fixed one

pdfTeX warning (dest): name{Rfn.boxplot} has been referenced but does not exist
, replaced by a fixed one

pdfTeX warning (dest): name{Rfn.barplot} has been referenced but does not exist
, replaced by a fixed one

pdfTeX warning (dest): name{Rfn.TRUE} has been referenced but does not exist, r
eplaced by a fixed one

pdfTeX warning (dest): name{Rfn.NULL} has been referenced but does not exist, r
eplaced by a fixed one

pdfTeX warning (dest): name{Rfn.vioplot} has been referenced but does not exist
, replaced by a fixed one

pdfTeX warning (dest): name{Rfn.TukeyHSD} has been referenced but does not exis
t, replaced by a fixed one

pdfTeX warning (dest): name{Rfn.anova} has been referenced but does not exist, 
replaced by a fixed one

pdfTeX warning (dest): name{Rfn.pairwise.t.test} has been referenced but does n
ot exist, replaced by a fixed one

pdfTeX warning (dest): name{Rfn.pairwise.wilcox.test} has been referenced but d
oes not exist, replaced by a fixed one

pdfTeX warning (dest): name{Rfn.t.test} has been referenced but does not exist,
 replaced by a fixed one

pdfTeX warning (dest): name{Rfn.wilcox.test} has been referenced but does not e
xist, replaced by a fixed one

pdfTeX warning (dest): name{Rfn.jitter} has been referenced but does not exist,
 replaced by a fixed one

pdfTeX warning (dest): name{Rfn.beeswarm} has been referenced but does not exis
t, replaced by a fixed one

pdfTeX warning (dest): name{Rfn.FALSE} has been referenced but does not exist, 
replaced by a fixed one

pdfTeX warning (dest): name{Rfn.factor} has been referenced but does not exist,
 replaced by a fixed one

{/usr/local/texlive/2017/texmf-dist/fonts/enc/dvips/base/8r.enc}{/usr/local/tex
live/2017/texmf-dist/fonts/enc/dvips/inconsolata/i4-t1-0.enc}</usr/local/texliv
e/2017/texmf-dist/fonts/type1/public/inconsolata/Inconsolata-zi4r.pfb></usr/loc
al/texlive/2017/texmf-dist/fonts/type1/public/amsfonts/cm/cmmi10.pfb></usr/loca
l/texlive/2017/texmf-dist/fonts/type1/public/amsfonts/cm/cmmi7.pfb></usr/local/
texlive/2017/texmf-dist/fonts/type1/public/amsfonts/cm/cmr10.pfb></usr/local/te
xlive/2017/texmf-dist/fonts/type1/public/amsfonts/cm/cmr7.pfb></usr/local/texli
ve/2017/texmf-dist/fonts/type1/public/amsfonts/cm/cmsy10.pfb></usr/local/texliv
e/2017/texmf-dist/fonts/type1/urw/helvetic/uhvr8a.pfb></usr/local/texlive/2017/
texmf-dist/fonts/type1/urw/times/utmb8a.pfb></usr/local/texlive/2017/texmf-dist
/fonts/type1/urw/times/utmr8a.pfb></usr/local/texlive/2017/texmf-dist/fonts/typ
e1/urw/times/utmr8a.pfb></usr/local/texlive/2017/texmf-dist/fonts/type1/urw/tim
es/utmri8a.pfb>
Output written on Rd2.pdf (27 pages, 207193 bytes).
Transcript written on Rd2.log.
This is makeindex, version 2.15 [TeX Live 2017] (kpathsea + Thai support).
Scanning input file Rd2.idx....done (199 entries accepted, 0 rejected).
Sorting entries.....done (1669 comparisons).
Generating output file Rd2.ind....done (154 lines written, 1 warning).
Output written in Rd2.ind.
Transcript written in Rd2.ilg.
This is pdfTeX, Version 3.14159265-2.6-1.40.18 (TeX Live 2017) (preloaded format=pdflatex)
 restricted \write18 enabled.
entering extended mode
LaTeX2e <2017-04-15>
Babel <3.10> and hyphenation patterns for 84 language(s) loaded.
(./Rd2.tex
(/usr/local/texlive/2017/texmf-dist/tex/latex/base/book.cls
Document Class: book 2014/09/29 v1.4h Standard LaTeX document class
(/usr/local/texlive/2017/texmf-dist/tex/latex/base/bk10.clo))
(/Library/Frameworks/R.framework/Resources/share/texmf/tex/latex/Rd.sty
(/usr/local/texlive/2017/texmf-dist/tex/latex/base/ifthen.sty)
(/usr/local/texlive/2017/texmf-dist/tex/latex/tools/longtable.sty)
(/usr/local/texlive/2017/texmf-dist/tex/latex/tools/bm.sty)
(/usr/local/texlive/2017/texmf-dist/tex/latex/base/alltt.sty)
(/usr/local/texlive/2017/texmf-dist/tex/latex/tools/verbatim.sty)
(/usr/local/texlive/2017/texmf-dist/tex/latex/url/url.sty)
(/usr/local/texlive/2017/texmf-dist/tex/latex/base/textcomp.sty
(/usr/local/texlive/2017/texmf-dist/tex/latex/base/ts1enc.def))
(/usr/local/texlive/2017/texmf-dist/tex/latex/base/fontenc.sty
(/usr/local/texlive/2017/texmf-dist/tex/latex/base/t1enc.def))
(/usr/local/texlive/2017/texmf-dist/tex/latex/psnfss/times.sty)
(/usr/local/texlive/2017/texmf-dist/tex/latex/inconsolata/zi4.sty
`inconsolata-zi4' v1.112, 2017/01/04 Text macros for Inconsolata (msharpe)
(/usr/local/texlive/2017/texmf-dist/tex/latex/xkeyval/xkeyval.sty
(/usr/local/texlive/2017/texmf-dist/tex/generic/xkeyval/xkeyval.tex
(/usr/local/texlive/2017/texmf-dist/tex/generic/xkeyval/xkvutils.tex
(/usr/local/texlive/2017/texmf-dist/tex/generic/xkeyval/keyval.tex)))))
(/usr/local/texlive/2017/texmf-dist/tex/latex/graphics/color.sty
(/usr/local/texlive/2017/texmf-dist/tex/latex/graphics-cfg/color.cfg)
(/usr/local/texlive/2017/texmf-dist/tex/latex/graphics-def/pdftex.def
(/usr/local/texlive/2017/texmf-dist/tex/generic/oberdiek/infwarerr.sty)
(/usr/local/texlive/2017/texmf-dist/tex/generic/oberdiek/ltxcmds.sty)))
(/usr/local/texlive/2017/texmf-dist/tex/latex/hyperref/hyperref.sty
(/usr/local/texlive/2017/texmf-dist/tex/generic/oberdiek/hobsub-hyperref.sty
(/usr/local/texlive/2017/texmf-dist/tex/generic/oberdiek/hobsub-generic.sty))
(/usr/local/texlive/2017/texmf-dist/tex/generic/ifxetex/ifxetex.sty)
(/usr/local/texlive/2017/texmf-dist/tex/latex/oberdiek/auxhook.sty)
(/usr/local/texlive/2017/texmf-dist/tex/latex/oberdiek/kvoptions.sty)
(/usr/local/texlive/2017/texmf-dist/tex/latex/hyperref/pd1enc.def)
(/usr/local/texlive/2017/texmf-dist/tex/latex/latexconfig/hyperref.cfg))

Package hyperref Message: Driver (autodetected): hpdftex.

(/usr/local/texlive/2017/texmf-dist/tex/latex/hyperref/hpdftex.def
(/usr/local/texlive/2017/texmf-dist/tex/latex/oberdiek/rerunfilecheck.sty))

Package hyperref Warning: Option `hyperindex' has already been used,
(hyperref)                setting the option has no effect on input line 366.


Package hyperref Warning: Option `pagebackref' has already been used,
(hyperref)                setting the option has no effect on input line 366.

) (/usr/local/texlive/2017/texmf-dist/tex/latex/base/makeidx.sty)
(/usr/local/texlive/2017/texmf-dist/tex/latex/base/inputenc.sty
(/usr/local/texlive/2017/texmf-dist/tex/latex/base/utf8.def
(/usr/local/texlive/2017/texmf-dist/tex/latex/base/t1enc.dfu)
(/usr/local/texlive/2017/texmf-dist/tex/latex/base/ot1enc.dfu)
(/usr/local/texlive/2017/texmf-dist/tex/latex/base/omsenc.dfu)
(/usr/local/texlive/2017/texmf-dist/tex/latex/base/ts1enc.dfu)))
Writing index file Rd2.idx
(./Rd2.aux) (/usr/local/texlive/2017/texmf-dist/tex/latex/base/ts1cmr.fd)
(/usr/local/texlive/2017/texmf-dist/tex/latex/psnfss/t1ptm.fd)
(/usr/local/texlive/2017/texmf-dist/tex/context/base/mkii/supp-pdf.mkii
[Loading MPS to PDF converter (version 2006.09.02).]
) (/usr/local/texlive/2017/texmf-dist/tex/latex/hyperref/nameref.sty
(/usr/local/texlive/2017/texmf-dist/tex/generic/oberdiek/gettitlestring.sty))
(./Rd2.out) (./Rd2.out)
(/usr/local/texlive/2017/texmf-dist/tex/latex/base/utf8.def)
(/usr/local/texlive/2017/texmf-dist/tex/latex/inconsolata/t1zi4.fd)
(/usr/local/texlive/2017/texmf-dist/tex/latex/psnfss/t1phv.fd) (./Rd2.toc)
(/usr/local/texlive/2017/texmf-dist/tex/latex/base/utf8.def) [1{/usr/local/texl
ive/2017/texmf-var/fonts/map/pdftex/updmap/pdftex.map}] [2]
(/usr/local/texlive/2017/texmf-dist/tex/latex/base/utf8.def) [3]
(/usr/local/texlive/2017/texmf-dist/tex/latex/base/utf8.def) [4]
(/usr/local/texlive/2017/texmf-dist/tex/latex/base/utf8.def) [5]
(/usr/local/texlive/2017/texmf-dist/tex/latex/base/utf8.def) [6]
(/usr/local/texlive/2017/texmf-dist/tex/latex/base/utf8.def) [7]
(/usr/local/texlive/2017/texmf-dist/tex/latex/base/utf8.def)
(/usr/local/texlive/2017/texmf-dist/tex/latex/base/utf8.def) [8]
(/usr/local/texlive/2017/texmf-dist/tex/latex/base/utf8.def) [9]
Overfull \hbox (27.78088pt too wide) in paragraph at lines 471--471
 []\T1/zi4/m/n/9 fact<-factor(c(rep("a",100),rep("b",100),rep("c",100),rep("d",
100),rep("e",100),rep("f",100)))[] 
(/usr/local/texlive/2017/texmf-dist/tex/latex/base/utf8.def) [10]
Overfull \hbox (27.77168pt too wide) in paragraph at lines 519--519
 []\T1/zi4/m/n/9 majorTicks<-makeLogTicks(c(0,10),minorCount= 4,logScale=2, axi
sText=c("","mg"), expLabels=TRUE)[] 
(/usr/local/texlive/2017/texmf-dist/tex/latex/base/utf8.def) [11]
Overfull \hbox (12.14801pt too wide) in paragraph at lines 581--582
[]\T1/ptm/m/n/10 numeric vec-tor; man-u-ally set the lim-its of the plot-ting a
rea (eg. \T1/zi4/m/n/10 yLim=c(min,max)\T1/ptm/m/n/10 ).

Overfull \hbox (2.41782pt too wide) in paragraph at lines 583--584
[]\T1/ptm/m/n/10 logical; sets \T1/zi4/m/n/10 las=2 \T1/ptm/m/n/10 for the x-ax
is cat-e-gory la-bels. Will af-fect y-axis if \T1/zi4/m/n/10 side=[][]TRUE[][][
]\T1/ptm/m/n/10 .
[12] [13] (/usr/local/texlive/2017/texmf-dist/tex/latex/base/utf8.def) [14]
Overfull \hbox (12.14801pt too wide) in paragraph at lines 720--721
[]\T1/ptm/m/n/10 numeric vec-tor; man-u-ally set the lim-its of the plot-ting a
rea (eg. \T1/zi4/m/n/10 yLim=c(min,max)\T1/ptm/m/n/10 ).

Overfull \hbox (2.41782pt too wide) in paragraph at lines 722--723
[]\T1/ptm/m/n/10 logical; sets \T1/zi4/m/n/10 las=2 \T1/ptm/m/n/10 for the x-ax
is cat-e-gory la-bels. Will af-fect y-axis if \T1/zi4/m/n/10 side=[][]TRUE[][][
]\T1/ptm/m/n/10 .
[15] (/usr/local/texlive/2017/texmf-dist/tex/latex/base/utf8.def) [16] [17]
Overfull \hbox (12.14801pt too wide) in paragraph at lines 851--852
[]\T1/ptm/m/n/10 numeric vec-tor; man-u-ally set the lim-its of the plot-ting a
rea (eg. \T1/zi4/m/n/10 yLim=c(min,max)\T1/ptm/m/n/10 ).

Overfull \hbox (2.41782pt too wide) in paragraph at lines 853--854
[]\T1/ptm/m/n/10 logical; sets \T1/zi4/m/n/10 las=2 \T1/ptm/m/n/10 for the x-ax
is cat-e-gory la-bels. Will af-fect y-axis if \T1/zi4/m/n/10 side=[][]TRUE[][][
]\T1/ptm/m/n/10 .
[18] (/usr/local/texlive/2017/texmf-dist/tex/latex/base/utf8.def) [19]
Overfull \hbox (12.14801pt too wide) in paragraph at lines 974--975
[]\T1/ptm/m/n/10 numeric vec-tor; man-u-ally set the lim-its of the plot-ting a
rea (eg. \T1/zi4/m/n/10 yLim=c(min,max)\T1/ptm/m/n/10 ).

Overfull \hbox (2.41782pt too wide) in paragraph at lines 976--977
[]\T1/ptm/m/n/10 logical; sets \T1/zi4/m/n/10 las=2 \T1/ptm/m/n/10 for the x-ax
is cat-e-gory la-bels. Will af-fect y-axis if \T1/zi4/m/n/10 side=[][]TRUE[][][
]\T1/ptm/m/n/10 .
[20] [21] (/usr/local/texlive/2017/texmf-dist/tex/latex/base/utf8.def)
Overfull \hbox (12.14801pt too wide) in paragraph at lines 1073--1074
[]\T1/ptm/m/n/10 numeric vec-tor; man-u-ally set the lim-its of the plot-ting a
rea (eg. \T1/zi4/m/n/10 yLim=c(min,max)\T1/ptm/m/n/10 ).

Overfull \hbox (2.41782pt too wide) in paragraph at lines 1075--1076
[]\T1/ptm/m/n/10 logical; sets \T1/zi4/m/n/10 las=2 \T1/ptm/m/n/10 for the x-ax
is cat-e-gory la-bels. Will af-fect y-axis if \T1/zi4/m/n/10 side=[][]TRUE[][][
]\T1/ptm/m/n/10 .
[22] (/usr/local/texlive/2017/texmf-dist/tex/latex/base/utf8.def) [23]
(/usr/local/texlive/2017/texmf-dist/tex/latex/base/utf8.def) [24] [25]
(/usr/local/texlive/2017/texmf-dist/tex/latex/base/utf8.def) (./Rd2.ind
[26] [27]) (./Rd2.aux) )
(see the transcript file for additional information)pdfTeX warning (dest): name
{Rfn.NA} has been referenced but does not exist, replaced by a fixed one

pdfTeX warning (dest): name{Rfn.quantile} has been referenced but does not exis
t, replaced by a fixed one

pdfTeX warning (dest): name{Rfn.vector} has been referenced but does not exist,
 replaced by a fixed one

pdfTeX warning (dest): name{Rfn.data.frame} has been referenced but does not ex
ist, replaced by a fixed one

pdfTeX warning (dest): name{Rfn.axis} has been referenced but does not exist, r
eplaced by a fixed one

pdfTeX warning (dest): name{Rfn.axisTicks} has been referenced but does not exi
st, replaced by a fixed one

pdfTeX warning (dest): name{Rfn.rgb} has been referenced but does not exist, re
placed by a fixed one

pdfTeX warning (dest): name{Rfn.col2rgb} has been referenced but does not exist
, replaced by a fixed one

pdfTeX warning (dest): name{Rfn.rainbow} has been referenced but does not exist
, replaced by a fixed one

pdfTeX warning (dest): name{Rfn.stripchart} has been referenced but does not ex
ist, replaced by a fixed one

pdfTeX warning (dest): name{Rfn.points} has been referenced but does not exist,
 replaced by a fixed one

pdfTeX warning (dest): name{Rfn.boxplot} has been referenced but does not exist
, replaced by a fixed one

pdfTeX warning (dest): name{Rfn.barplot} has been referenced but does not exist
, replaced by a fixed one

pdfTeX warning (dest): name{Rfn.TRUE} has been referenced but does not exist, r
eplaced by a fixed one

pdfTeX warning (dest): name{Rfn.NULL} has been referenced but does not exist, r
eplaced by a fixed one

pdfTeX warning (dest): name{Rfn.vioplot} has been referenced but does not exist
, replaced by a fixed one

pdfTeX warning (dest): name{Rfn.TukeyHSD} has been referenced but does not exis
t, replaced by a fixed one

pdfTeX warning (dest): name{Rfn.anova} has been referenced but does not exist, 
replaced by a fixed one

pdfTeX warning (dest): name{Rfn.pairwise.t.test} has been referenced but does n
ot exist, replaced by a fixed one

pdfTeX warning (dest): name{Rfn.pairwise.wilcox.test} has been referenced but d
oes not exist, replaced by a fixed one

pdfTeX warning (dest): name{Rfn.t.test} has been referenced but does not exist,
 replaced by a fixed one

pdfTeX warning (dest): name{Rfn.wilcox.test} has been referenced but does not e
xist, replaced by a fixed one

pdfTeX warning (dest): name{Rfn.jitter} has been referenced but does not exist,
 replaced by a fixed one

pdfTeX warning (dest): name{Rfn.beeswarm} has been referenced but does not exis
t, replaced by a fixed one

pdfTeX warning (dest): name{Rfn.FALSE} has been referenced but does not exist, 
replaced by a fixed one

pdfTeX warning (dest): name{Rfn.factor} has been referenced but does not exist,
 replaced by a fixed one

{/usr/local/texlive/2017/texmf-dist/fonts/enc/dvips/base/8r.enc}{/usr/local/tex
live/2017/texmf-dist/fonts/enc/dvips/inconsolata/i4-t1-0.enc}</usr/local/texliv
e/2017/texmf-dist/fonts/type1/public/inconsolata/Inconsolata-zi4r.pfb></usr/loc
al/texlive/2017/texmf-dist/fonts/type1/public/amsfonts/cm/cmmi10.pfb></usr/loca
l/texlive/2017/texmf-dist/fonts/type1/public/amsfonts/cm/cmmi7.pfb></usr/local/
texlive/2017/texmf-dist/fonts/type1/public/amsfonts/cm/cmr10.pfb></usr/local/te
xlive/2017/texmf-dist/fonts/type1/public/amsfonts/cm/cmr7.pfb></usr/local/texli
ve/2017/texmf-dist/fonts/type1/public/amsfonts/cm/cmsy10.pfb></usr/local/texliv
e/2017/texmf-dist/fonts/type1/urw/helvetic/uhvr8a.pfb></usr/local/texlive/2017/
texmf-dist/fonts/type1/urw/times/utmb8a.pfb></usr/local/texlive/2017/texmf-dist
/fonts/type1/urw/times/utmr8a.pfb></usr/local/texlive/2017/texmf-dist/fonts/typ
e1/urw/times/utmr8a.pfb></usr/local/texlive/2017/texmf-dist/fonts/type1/urw/tim
es/utmri8a.pfb>
Output written on Rd2.pdf (27 pages, 207463 bytes).
Transcript written on Rd2.log.
Saving output to ‘NicePlots-manual.pdf’ ...
Done
You may want to clean up by 'rm -Rf /var/folders/x6/40fkkfxn50763m8152tmktgc0000gn/T//Rtmp9rGrGg/Rd2pdfd7326bf783a7'
